# JRE version: OpenJDK Runtime Environment (8.0_152-b02) (build 1.8.0_152-release-1024-b02)
# Java VM: OpenJDK 64-Bit Server VM (25.152-b02 mixed mode windows-amd64 compressed oops)
Heap:
 PSYoungGen      total 173056K, used 132288K [0x00000000e0000000, 0x00000000eca00000, 0x0000000100000000)
  eden space 153088K, 86% used [0x00000000e0000000,0x00000000e81302d0,0x00000000e9580000)
  from space 19968K, 0% used [0x00000000ead80000,0x00000000ead80000,0x00000000ec100000)
  to   space 24576K, 0% used [0x00000000e9580000,0x00000000e9580000,0x00000000ead80000)
 ParOldGen       total 167936K, used 38935K [0x00000000a0000000, 0x00000000aa400000, 0x00000000e0000000)
  object space 167936K, 23% used [0x00000000a0000000,0x00000000a2605fb0,0x00000000aa400000)
 Metaspace       used 64618K, capacity 66752K, committed 67032K, reserved 1107968K
  class space    used 8683K, capacity 9205K, committed 9216K, reserved 1048576K
GC Heap History (10 events):
Event: 14.877 GC heap before
{Heap before GC invocations=9 (full 2):
 PSYoungGen      total 140800K, used 9723K [0x00000000e0000000, 0x00000000e9980000, 0x0000000100000000)
  eden space 131072K, 0% used [0x00000000e0000000,0x00000000e0000000,0x00000000e8000000)
  from space 9728K, 99% used [0x00000000e8000000,0x00000000e897eea8,0x00000000e8980000)
  to   space 12288K, 0% used [0x00000000e8d80000,0x00000000e8d80000,0x00000000e9980000)
 ParOldGen       total 64512K, used 10990K [0x00000000a0000000, 0x00000000a3f00000, 0x00000000e0000000)
  object space 64512K, 17% used [0x00000000a0000000,0x00000000a0abb908,0x00000000a3f00000)
 Metaspace       used 34683K, capacity 35244K, committed 35416K, reserved 1079296K
  class space    used 4790K, capacity 4972K, committed 4992K, reserved 1048576K
Event: 15.038 GC heap after
Heap after GC invocations=9 (full 2):
 PSYoungGen      total 140800K, used 0K [0x00000000e0000000, 0x00000000e9980000, 0x0000000100000000)
  eden space 131072K, 0% used [0x00000000e0000000,0x00000000e0000000,0x00000000e8000000)
  from space 9728K, 0% used [0x00000000e8000000,0x00000000e8000000,0x00000000e8980000)
  to   space 12288K, 0% used [0x00000000e8d80000,0x00000000e8d80000,0x00000000e9980000)
 ParOldGen       total 110592K, used 19126K [0x00000000a0000000, 0x00000000a6c00000, 0x00000000e0000000)
  object space 110592K, 17% used [0x00000000a0000000,0x00000000a12ad9a8,0x00000000a6c00000)
 Metaspace       used 34683K, capacity 35244K, committed 35416K, reserved 1079296K
  class space    used 4790K, capacity 4972K, committed 4992K, reserved 1048576K
}
Event: 18.850 GC heap before
{Heap before GC invocations=10 (full 2):
 PSYoungGen      total 140800K, used 131072K [0x00000000e0000000, 0x00000000e9980000, 0x0000000100000000)
  eden space 131072K, 100% used [0x00000000e0000000,0x00000000e8000000,0x00000000e8000000)
  from space 9728K, 0% used [0x00000000e8000000,0x00000000e8000000,0x00000000e8980000)
  to   space 12288K, 0% used [0x00000000e8d80000,0x00000000e8d80000,0x00000000e9980000)
 ParOldGen       total 110592K, used 19126K [0x00000000a0000000, 0x00000000a6c00000, 0x00000000e0000000)
  object space 110592K, 17% used [0x00000000a0000000,0x00000000a12ad9a8,0x00000000a6c00000)
 Metaspace       used 41932K, capacity 42782K, committed 42840K, reserved 1085440K
  class space    used 5742K, capacity 5998K, committed 6016K, reserved 1048576K
Event: 18.887 GC heap after
Heap after GC invocations=10 (full 2):
 PSYoungGen      total 142336K, used 12286K [0x00000000e0000000, 0x00000000eca80000, 0x0000000100000000)
  eden space 130048K, 0% used [0x00000000e0000000,0x00000000e0000000,0x00000000e7f00000)
  from space 12288K, 99% used [0x00000000e8d80000,0x00000000e997f820,0x00000000e9980000)
  to   space 14848K, 0% used [0x00000000e7f00000,0x00000000e7f00000,0x00000000e8d80000)
 ParOldGen       total 110592K, used 21150K [0x00000000a0000000, 0x00000000a6c00000, 0x00000000e0000000)
  object space 110592K, 19% used [0x00000000a0000000,0x00000000a14a78c0,0x00000000a6c00000)
 Metaspace       used 41932K, capacity 42782K, committed 42840K, reserved 1085440K
  class space    used 5742K, capacity 5998K, committed 6016K, reserved 1048576K
}
Event: 24.013 GC heap before
{Heap before GC invocations=11 (full 2):
 PSYoungGen      total 142336K, used 142334K [0x00000000e0000000, 0x00000000eca80000, 0x0000000100000000)
  eden space 130048K, 100% used [0x00000000e0000000,0x00000000e7f00000,0x00000000e7f00000)
  from space 12288K, 99% used [0x00000000e8d80000,0x00000000e997f820,0x00000000e9980000)
  to   space 14848K, 0% used [0x00000000e7f00000,0x00000000e7f00000,0x00000000e8d80000)
 ParOldGen       total 110592K, used 21150K [0x00000000a0000000, 0x00000000a6c00000, 0x00000000e0000000)
  object space 110592K, 19% used [0x00000000a0000000,0x00000000a14a78c0,0x00000000a6c00000)
 Metaspace       used 53695K, capacity 55310K, committed 55384K, reserved 1097728K
  class space    used 7394K, capacity 7806K, committed 7808K, reserved 1048576K
Event: 24.056 GC heap after
Heap after GC invocations=11 (full 2):
 PSYoungGen      total 144896K, used 14829K [0x00000000e0000000, 0x00000000ec100000, 0x0000000100000000)
  eden space 130048K, 0% used [0x00000000e0000000,0x00000000e0000000,0x00000000e7f00000)
  from space 14848K, 99% used [0x00000000e7f00000,0x00000000e8d7b530,0x00000000e8d80000)
  to   space 19968K, 0% used [0x00000000ead80000,0x00000000ead80000,0x00000000ec100000)
 ParOldGen       total 110592K, used 29327K [0x00000000a0000000, 0x00000000a6c00000, 0x00000000e0000000)
  object space 110592K, 26% used [0x00000000a0000000,0x00000000a1ca3f38,0x00000000a6c00000)
 Metaspace       used 53695K, capacity 55310K, committed 55384K, reserved 1097728K
  class space    used 7394K, capacity 7806K, committed 7808K, reserved 1048576K
}
Event: 29.659 GC heap before
{Heap before GC invocations=12 (full 2):
 PSYoungGen      total 144896K, used 112021K [0x00000000e0000000, 0x00000000ec100000, 0x0000000100000000)
  eden space 130048K, 74% used [0x00000000e0000000,0x00000000e5eea188,0x00000000e7f00000)
  from space 14848K, 99% used [0x00000000e7f00000,0x00000000e8d7b530,0x00000000e8d80000)
  to   space 19968K, 0% used [0x00000000ead80000,0x00000000ead80000,0x00000000ec100000)
 ParOldGen       total 110592K, used 29327K [0x00000000a0000000, 0x00000000a6c00000, 0x00000000e0000000)
  object space 110592K, 26% used [0x00000000a0000000,0x00000000a1ca3f38,0x00000000a6c00000)
 Metaspace       used 57270K, capacity 58950K, committed 58968K, reserved 1099776K
  class space    used 7872K, capacity 8310K, committed 8320K, reserved 1048576K
Event: 29.710 GC heap after
Heap after GC invocations=12 (full 2):
 PSYoungGen      total 173056K, used 19944K [0x00000000e0000000, 0x00000000eca00000, 0x0000000100000000)
  eden space 153088K, 0% used [0x00000000e0000000,0x00000000e0000000,0x00000000e9580000)
  from space 19968K, 99% used [0x00000000ead80000,0x00000000ec0fa250,0x00000000ec100000)
  to   space 24576K, 0% used [0x00000000e9580000,0x00000000e9580000,0x00000000ead80000)
 ParOldGen       total 110592K, used 33627K [0x00000000a0000000, 0x00000000a6c00000, 0x00000000e0000000)
  object space 110592K, 30% used [0x00000000a0000000,0x00000000a20d6cd8,0x00000000a6c00000)
 Metaspace       used 57270K, capacity 58950K, committed 58968K, reserved 1099776K
  class space    used 7872K, capacity 8310K, committed 8320K, reserved 1048576K
}
Event: 29.710 GC heap before
{Heap before GC invocations=13 (full 3):
 PSYoungGen      total 173056K, used 19944K [0x00000000e0000000, 0x00000000eca00000, 0x0000000100000000)
  eden space 153088K, 0% used [0x00000000e0000000,0x00000000e0000000,0x00000000e9580000)
  from space 19968K, 99% used [0x00000000ead80000,0x00000000ec0fa250,0x00000000ec100000)
  to   space 24576K, 0% used [0x00000000e9580000,0x00000000e9580000,0x00000000ead80000)
 ParOldGen       total 110592K, used 33627K [0x00000000a0000000, 0x00000000a6c00000, 0x00000000e0000000)
  object space 110592K, 30% used [0x00000000a0000000,0x00000000a20d6cd8,0x00000000a6c00000)
 Metaspace       used 57270K, capacity 58950K, committed 58968K, reserved 1099776K
  class space    used 7872K, capacity 8310K, committed 8320K, reserved 1048576K
Event: 30.018 GC heap after
Heap after GC invocations=13 (full 3):
 PSYoungGen      total 173056K, used 0K [0x00000000e0000000, 0x00000000eca00000, 0x0000000100000000)
  eden space 153088K, 0% used [0x00000000e0000000,0x00000000e0000000,0x00000000e9580000)
  from space 19968K, 0% used [0x00000000ead80000,0x00000000ead80000,0x00000000ec100000)
  to   space 24576K, 0% used [0x00000000e9580000,0x00000000e9580000,0x00000000ead80000)
 ParOldGen       total 167936K, used 38935K [0x00000000a0000000, 0x00000000aa400000, 0x00000000e0000000)
  object space 167936K, 23% used [0x00000000a0000000,0x00000000a2605fb0,0x00000000aa400000)
 Metaspace       used 57270K, capacity 58950K, committed 58968K, reserved 1099776K
  class space    used 7872K, capacity 8310K, committed 8320K, reserved 1048576K
}

